<?xml version="1.0" encoding="UTF-8" ?>
<testsuite tests="6" failures="4" name="TestSuite" time="325.643" errors="0" skipped="0">
  <properties>
[...]
</properties>
  <testcase classname="MavenJenkins.BusinessChoiceChromeTest" name="f" time="24.998">
    <failure message="unknown error: Element &lt;span class=&quot;calendarControl&quot; name=&quot;#checkInDate&quot; alt=&quot;...&quot; title=&quot;Select to open calendar.&quot;&gt;Select to open calendar.&lt;/span&gt; is not clickable at point (868, 184). Other element would receive the click: &lt;a id=&quot;ui-id-4&quot; class=&quot;ui-corner-all&quot; tabindex=&quot;-1&quot;&gt;...&lt;/a&gt;
  (Session info: chrome=71.0.3578.98)
  (Driver info: chromedriver=2.45.615291 (ec3682e3c9061c10f26ea9e5cdcf3c53f3f74387),platform=Windows NT 10.0.17134 x86_64) (WARNING: The server did not provide any stacktrace information)
Command duration or timeout: 0 milliseconds
Build info: version: &apos;3.141.59&apos;, revision: &apos;e82be7d358&apos;, time: &apos;2018-11-14T08:17:03&apos;
System info: host: &apos;CPX-SJJHSRSSIFU&apos;, ip: &apos;10.215.12.187&apos;, os.name: &apos;Windows 10&apos;, os.arch: &apos;amd64&apos;, os.version: &apos;10.0&apos;, java.version: &apos;11.0.1&apos;
Driver info: org.openqa.selenium.chrome.ChromeDriver
Capabilities {acceptInsecureCerts: false, acceptSslCerts: false, applicationCacheEnabled: false, browserConnectionEnabled: false, browserName: chrome, chrome: {chromedriverVersion: 2.45.615291 (ec3682e3c9061c..., userDataDir: C:\Users\MITALI~1.SHA\AppDa...}, cssSelectorsEnabled: true, databaseEnabled: false, goog:chromeOptions: {debuggerAddress: localhost:54556}, handlesAlerts: true, hasTouchScreen: false, javascriptEnabled: true, locationContextEnabled: true, mobileEmulationEnabled: false, nativeEvents: true, networkConnectionEnabled: false, pageLoadStrategy: normal, platform: XP, platformName: XP, proxy: Proxy(), rotatable: false, setWindowRect: true, strictFileInteractability: false, takesHeapSnapshot: true, takesScreenshot: true, timeouts: {implicit: 0, pageLoad: 300000, script: 30000}, unexpectedAlertBehaviour: ignore, unhandledPromptBehavior: ignore, version: 71.0.3578.98, webStorageEnabled: true}
Session ID: 36d26fcd82acd64f3712c5dc4b28b013" type="org.openqa.selenium.WebDriverException">org.openqa.selenium.WebDriverException: unknown error: Element &lt;span class=&quot;calendarControl&quot; name=&quot;#checkInDate&quot; alt=&quot;...&quot; title=&quot;Select to open calendar.&quot;&gt;Select to open calendar.&lt;/span&gt; is not clickable at point (868, 184). Other element would receive the click: &lt;a id=&quot;ui-id-4&quot; class=&quot;ui-corner-all&quot; tabindex=&quot;-1&quot;&gt;...&lt;/a&gt;
  (Session info: chrome=71.0.3578.98)
  (Driver info: chromedriver=2.45.615291 (ec3682e3c9061c10f26ea9e5cdcf3c53f3f74387),platform=Windows NT 10.0.17134 x86_64) (WARNING: The server did not provide any stacktrace information)
Command duration or timeout: 0 milliseconds
Build info: version: &apos;3.141.59&apos;, revision: &apos;e82be7d358&apos;, time: &apos;2018-11-14T08:17:03&apos;
System info: host: &apos;CPX-SJJHSRSSIFU&apos;, ip: &apos;10.215.12.187&apos;, os.name: &apos;Windows 10&apos;, os.arch: &apos;amd64&apos;, os.version: &apos;10.0&apos;, java.version: &apos;11.0.1&apos;
Driver info: org.openqa.selenium.chrome.ChromeDriver
Capabilities {acceptInsecureCerts: false, acceptSslCerts: false, applicationCacheEnabled: false, browserConnectionEnabled: false, browserName: chrome, chrome: {chromedriverVersion: 2.45.615291 (ec3682e3c9061c..., userDataDir: C:\Users\MITALI~1.SHA\AppDa...}, cssSelectorsEnabled: true, databaseEnabled: false, goog:chromeOptions: {debuggerAddress: localhost:54556}, handlesAlerts: true, hasTouchScreen: false, javascriptEnabled: true, locationContextEnabled: true, mobileEmulationEnabled: false, nativeEvents: true, networkConnectionEnabled: false, pageLoadStrategy: normal, platform: XP, platformName: XP, proxy: Proxy(), rotatable: false, setWindowRect: true, strictFileInteractability: false, takesHeapSnapshot: true, takesScreenshot: true, timeouts: {implicit: 0, pageLoad: 300000, script: 30000}, unexpectedAlertBehaviour: ignore, unhandledPromptBehavior: ignore, version: 71.0.3578.98, webStorageEnabled: true}
Session ID: 36d26fcd82acd64f3712c5dc4b28b013
	at java.base/jdk.internal.reflect.NativeConstructorAccessorImpl.newInstance0(Native Method)
	at java.base/jdk.internal.reflect.NativeConstructorAccessorImpl.newInstance(NativeConstructorAccessorImpl.java:62)
	at java.base/jdk.internal.reflect.DelegatingConstructorAccessorImpl.newInstance(DelegatingConstructorAccessorImpl.java:45)
	at java.base/java.lang.reflect.Constructor.newInstance(Constructor.java:490)
	at org.openqa.selenium.remote.ErrorHandler.createThrowable(ErrorHandler.java:214)
	at org.openqa.selenium.remote.ErrorHandler.throwIfResponseFailed(ErrorHandler.java:166)
	at org.openqa.selenium.remote.http.JsonHttpResponseCodec.reconstructValue(JsonHttpResponseCodec.java:40)
	at org.openqa.selenium.remote.http.AbstractHttpResponseCodec.decode(AbstractHttpResponseCodec.java:80)
	at org.openqa.selenium.remote.http.AbstractHttpResponseCodec.decode(AbstractHttpResponseCodec.java:44)
	at org.openqa.selenium.remote.HttpCommandExecutor.execute(HttpCommandExecutor.java:158)
	at org.openqa.selenium.remote.service.DriverCommandExecutor.execute(DriverCommandExecutor.java:83)
	at org.openqa.selenium.remote.RemoteWebDriver.execute(RemoteWebDriver.java:552)
	at org.openqa.selenium.remote.RemoteWebElement.execute(RemoteWebElement.java:285)
	at org.openqa.selenium.remote.RemoteWebElement.click(RemoteWebElement.java:84)
	at MavenJenkins.BusinessChoiceChromeTest.f(BusinessChoiceChromeTest.java:61)
</failure>
    <system-out>Configuring TestNG with: org.apache.maven.surefire.testng.conf.TestNG652Configurator@5a8806ef
Hi, how are you today?
</system-out>
    <system-err>Starting ChromeDriver 2.45.615291 (ec3682e3c9061c10f26ea9e5cdcf3c53f3f74387) on port 1463
Only local connections are allowed.
Jan 15, 2019 11:19:46 AM org.openqa.selenium.remote.ProtocolHandshake createSession
INFO: Detected dialect: OSS
</system-err>
  </testcase>
  <testcase classname="MavenJenkins.BusinessChoiceChromeTest" name="f" time="73.799">
    <failure message="no such element: Unable to locate element: {&quot;method&quot;:&quot;xpath&quot;,&quot;selector&quot;:&quot;//div[@class=&apos;tab-pane ng-scope active&apos;]//div[@class=&apos;roomContainer first&apos;]//span[@class=&apos;ng-binding&apos;][contains(text(),&apos;SELECT ROOM&apos;)]&quot;}
  (Session info: chrome=71.0.3578.98)
  (Driver info: chromedriver=2.45.615291 (ec3682e3c9061c10f26ea9e5cdcf3c53f3f74387),platform=Windows NT 10.0.17134 x86_64) (WARNING: The server did not provide any stacktrace information)
Command duration or timeout: 0 milliseconds
For documentation on this error, please visit: https://www.seleniumhq.org/exceptions/no_such_element.html
Build info: version: &apos;3.141.59&apos;, revision: &apos;e82be7d358&apos;, time: &apos;2018-11-14T08:17:03&apos;
System info: host: &apos;CPX-SJJHSRSSIFU&apos;, ip: &apos;10.215.12.187&apos;, os.name: &apos;Windows 10&apos;, os.arch: &apos;amd64&apos;, os.version: &apos;10.0&apos;, java.version: &apos;11.0.1&apos;
Driver info: org.openqa.selenium.chrome.ChromeDriver
Capabilities {acceptInsecureCerts: false, acceptSslCerts: false, applicationCacheEnabled: false, browserConnectionEnabled: false, browserName: chrome, chrome: {chromedriverVersion: 2.45.615291 (ec3682e3c9061c..., userDataDir: C:\Users\MITALI~1.SHA\AppDa...}, cssSelectorsEnabled: true, databaseEnabled: false, goog:chromeOptions: {debuggerAddress: localhost:54842}, handlesAlerts: true, hasTouchScreen: false, javascriptEnabled: true, locationContextEnabled: true, mobileEmulationEnabled: false, nativeEvents: true, networkConnectionEnabled: false, pageLoadStrategy: normal, platform: XP, platformName: XP, proxy: Proxy(), rotatable: false, setWindowRect: true, strictFileInteractability: false, takesHeapSnapshot: true, takesScreenshot: true, timeouts: {implicit: 0, pageLoad: 300000, script: 30000}, unexpectedAlertBehaviour: ignore, unhandledPromptBehavior: ignore, version: 71.0.3578.98, webStorageEnabled: true}
Session ID: b8e46bb749d7f98fde50b749fa894313
*** Element info: {Using=xpath, value=//div[@class=&apos;tab-pane ng-scope active&apos;]//div[@class=&apos;roomContainer first&apos;]//span[@class=&apos;ng-binding&apos;][contains(text(),&apos;SELECT ROOM&apos;)]}" type="org.openqa.selenium.NoSuchElementException">org.openqa.selenium.NoSuchElementException: no such element: Unable to locate element: {&quot;method&quot;:&quot;xpath&quot;,&quot;selector&quot;:&quot;//div[@class=&apos;tab-pane ng-scope active&apos;]//div[@class=&apos;roomContainer first&apos;]//span[@class=&apos;ng-binding&apos;][contains(text(),&apos;SELECT ROOM&apos;)]&quot;}
  (Session info: chrome=71.0.3578.98)
  (Driver info: chromedriver=2.45.615291 (ec3682e3c9061c10f26ea9e5cdcf3c53f3f74387),platform=Windows NT 10.0.17134 x86_64) (WARNING: The server did not provide any stacktrace information)
Command duration or timeout: 0 milliseconds
For documentation on this error, please visit: https://www.seleniumhq.org/exceptions/no_such_element.html
Build info: version: &apos;3.141.59&apos;, revision: &apos;e82be7d358&apos;, time: &apos;2018-11-14T08:17:03&apos;
System info: host: &apos;CPX-SJJHSRSSIFU&apos;, ip: &apos;10.215.12.187&apos;, os.name: &apos;Windows 10&apos;, os.arch: &apos;amd64&apos;, os.version: &apos;10.0&apos;, java.version: &apos;11.0.1&apos;
Driver info: org.openqa.selenium.chrome.ChromeDriver
Capabilities {acceptInsecureCerts: false, acceptSslCerts: false, applicationCacheEnabled: false, browserConnectionEnabled: false, browserName: chrome, chrome: {chromedriverVersion: 2.45.615291 (ec3682e3c9061c..., userDataDir: C:\Users\MITALI~1.SHA\AppDa...}, cssSelectorsEnabled: true, databaseEnabled: false, goog:chromeOptions: {debuggerAddress: localhost:54842}, handlesAlerts: true, hasTouchScreen: false, javascriptEnabled: true, locationContextEnabled: true, mobileEmulationEnabled: false, nativeEvents: true, networkConnectionEnabled: false, pageLoadStrategy: normal, platform: XP, platformName: XP, proxy: Proxy(), rotatable: false, setWindowRect: true, strictFileInteractability: false, takesHeapSnapshot: true, takesScreenshot: true, timeouts: {implicit: 0, pageLoad: 300000, script: 30000}, unexpectedAlertBehaviour: ignore, unhandledPromptBehavior: ignore, version: 71.0.3578.98, webStorageEnabled: true}
Session ID: b8e46bb749d7f98fde50b749fa894313
*** Element info: {Using=xpath, value=//div[@class=&apos;tab-pane ng-scope active&apos;]//div[@class=&apos;roomContainer first&apos;]//span[@class=&apos;ng-binding&apos;][contains(text(),&apos;SELECT ROOM&apos;)]}
	at java.base/jdk.internal.reflect.NativeConstructorAccessorImpl.newInstance0(Native Method)
	at java.base/jdk.internal.reflect.NativeConstructorAccessorImpl.newInstance(NativeConstructorAccessorImpl.java:62)
	at java.base/jdk.internal.reflect.DelegatingConstructorAccessorImpl.newInstance(DelegatingConstructorAccessorImpl.java:45)
	at java.base/java.lang.reflect.Constructor.newInstance(Constructor.java:490)
	at org.openqa.selenium.remote.ErrorHandler.createThrowable(ErrorHandler.java:214)
	at org.openqa.selenium.remote.ErrorHandler.throwIfResponseFailed(ErrorHandler.java:166)
	at org.openqa.selenium.remote.http.JsonHttpResponseCodec.reconstructValue(JsonHttpResponseCodec.java:40)
	at org.openqa.selenium.remote.http.AbstractHttpResponseCodec.decode(AbstractHttpResponseCodec.java:80)
	at org.openqa.selenium.remote.http.AbstractHttpResponseCodec.decode(AbstractHttpResponseCodec.java:44)
	at org.openqa.selenium.remote.HttpCommandExecutor.execute(HttpCommandExecutor.java:158)
	at org.openqa.selenium.remote.service.DriverCommandExecutor.execute(DriverCommandExecutor.java:83)
	at org.openqa.selenium.remote.RemoteWebDriver.execute(RemoteWebDriver.java:552)
	at org.openqa.selenium.remote.RemoteWebDriver.findElement(RemoteWebDriver.java:323)
	at org.openqa.selenium.remote.RemoteWebDriver.findElementByXPath(RemoteWebDriver.java:428)
	at org.openqa.selenium.By$ByXPath.findElement(By.java:353)
	at org.openqa.selenium.remote.RemoteWebDriver.findElement(RemoteWebDriver.java:315)
	at MavenJenkins.BusinessChoiceChromeTest.f(BusinessChoiceChromeTest.java:106)
</failure>
    <system-out>Successfully captured a screenshot
Hi, how are you today?
Didnt find the Skip step
</system-out>
    <system-err>Starting ChromeDriver 2.45.615291 (ec3682e3c9061c10f26ea9e5cdcf3c53f3f74387) on port 21015
Only local connections are allowed.
Jan 15, 2019 11:20:12 AM org.openqa.selenium.remote.ProtocolHandshake createSession
INFO: Detected dialect: OSS
</system-err>
  </testcase>
  <testcase classname="MavenJenkins.BusinessChoiceChromeTest" name="f" time="21.85">
    <failure message="no such element: Unable to locate element: {&quot;method&quot;:&quot;xpath&quot;,&quot;selector&quot;:&quot;//div[@class=&apos;ResModule section&apos;]&quot;}
  (Session info: chrome=71.0.3578.98)
  (Driver info: chromedriver=2.45.615291 (ec3682e3c9061c10f26ea9e5cdcf3c53f3f74387),platform=Windows NT 10.0.17134 x86_64) (WARNING: The server did not provide any stacktrace information)
Command duration or timeout: 0 milliseconds
For documentation on this error, please visit: https://www.seleniumhq.org/exceptions/no_such_element.html
Build info: version: &apos;3.141.59&apos;, revision: &apos;e82be7d358&apos;, time: &apos;2018-11-14T08:17:03&apos;
System info: host: &apos;CPX-SJJHSRSSIFU&apos;, ip: &apos;10.215.12.187&apos;, os.name: &apos;Windows 10&apos;, os.arch: &apos;amd64&apos;, os.version: &apos;10.0&apos;, java.version: &apos;11.0.1&apos;
Driver info: org.openqa.selenium.chrome.ChromeDriver
Capabilities {acceptInsecureCerts: false, acceptSslCerts: false, applicationCacheEnabled: false, browserConnectionEnabled: false, browserName: chrome, chrome: {chromedriverVersion: 2.45.615291 (ec3682e3c9061c..., userDataDir: C:\Users\MITALI~1.SHA\AppDa...}, cssSelectorsEnabled: true, databaseEnabled: false, goog:chromeOptions: {debuggerAddress: localhost:55157}, handlesAlerts: true, hasTouchScreen: false, javascriptEnabled: true, locationContextEnabled: true, mobileEmulationEnabled: false, nativeEvents: true, networkConnectionEnabled: false, pageLoadStrategy: normal, platform: XP, platformName: XP, proxy: Proxy(), rotatable: false, setWindowRect: true, strictFileInteractability: false, takesHeapSnapshot: true, takesScreenshot: true, timeouts: {implicit: 0, pageLoad: 300000, script: 30000}, unexpectedAlertBehaviour: ignore, unhandledPromptBehavior: ignore, version: 71.0.3578.98, webStorageEnabled: true}
Session ID: d71e4594b552b5e60434f53b99bf94de
*** Element info: {Using=xpath, value=//div[@class=&apos;ResModule section&apos;]}" type="org.openqa.selenium.NoSuchElementException">org.openqa.selenium.NoSuchElementException: no such element: Unable to locate element: {&quot;method&quot;:&quot;xpath&quot;,&quot;selector&quot;:&quot;//div[@class=&apos;ResModule section&apos;]&quot;}
  (Session info: chrome=71.0.3578.98)
  (Driver info: chromedriver=2.45.615291 (ec3682e3c9061c10f26ea9e5cdcf3c53f3f74387),platform=Windows NT 10.0.17134 x86_64) (WARNING: The server did not provide any stacktrace information)
Command duration or timeout: 0 milliseconds
For documentation on this error, please visit: https://www.seleniumhq.org/exceptions/no_such_element.html
Build info: version: &apos;3.141.59&apos;, revision: &apos;e82be7d358&apos;, time: &apos;2018-11-14T08:17:03&apos;
System info: host: &apos;CPX-SJJHSRSSIFU&apos;, ip: &apos;10.215.12.187&apos;, os.name: &apos;Windows 10&apos;, os.arch: &apos;amd64&apos;, os.version: &apos;10.0&apos;, java.version: &apos;11.0.1&apos;
Driver info: org.openqa.selenium.chrome.ChromeDriver
Capabilities {acceptInsecureCerts: false, acceptSslCerts: false, applicationCacheEnabled: false, browserConnectionEnabled: false, browserName: chrome, chrome: {chromedriverVersion: 2.45.615291 (ec3682e3c9061c..., userDataDir: C:\Users\MITALI~1.SHA\AppDa...}, cssSelectorsEnabled: true, databaseEnabled: false, goog:chromeOptions: {debuggerAddress: localhost:55157}, handlesAlerts: true, hasTouchScreen: false, javascriptEnabled: true, locationContextEnabled: true, mobileEmulationEnabled: false, nativeEvents: true, networkConnectionEnabled: false, pageLoadStrategy: normal, platform: XP, platformName: XP, proxy: Proxy(), rotatable: false, setWindowRect: true, strictFileInteractability: false, takesHeapSnapshot: true, takesScreenshot: true, timeouts: {implicit: 0, pageLoad: 300000, script: 30000}, unexpectedAlertBehaviour: ignore, unhandledPromptBehavior: ignore, version: 71.0.3578.98, webStorageEnabled: true}
Session ID: d71e4594b552b5e60434f53b99bf94de
*** Element info: {Using=xpath, value=//div[@class=&apos;ResModule section&apos;]}
	at java.base/jdk.internal.reflect.NativeConstructorAccessorImpl.newInstance0(Native Method)
	at java.base/jdk.internal.reflect.NativeConstructorAccessorImpl.newInstance(NativeConstructorAccessorImpl.java:62)
	at java.base/jdk.internal.reflect.DelegatingConstructorAccessorImpl.newInstance(DelegatingConstructorAccessorImpl.java:45)
	at java.base/java.lang.reflect.Constructor.newInstance(Constructor.java:490)
	at org.openqa.selenium.remote.ErrorHandler.createThrowable(ErrorHandler.java:214)
	at org.openqa.selenium.remote.ErrorHandler.throwIfResponseFailed(ErrorHandler.java:166)
	at org.openqa.selenium.remote.http.JsonHttpResponseCodec.reconstructValue(JsonHttpResponseCodec.java:40)
	at org.openqa.selenium.remote.http.AbstractHttpResponseCodec.decode(AbstractHttpResponseCodec.java:80)
	at org.openqa.selenium.remote.http.AbstractHttpResponseCodec.decode(AbstractHttpResponseCodec.java:44)
	at org.openqa.selenium.remote.HttpCommandExecutor.execute(HttpCommandExecutor.java:158)
	at org.openqa.selenium.remote.service.DriverCommandExecutor.execute(DriverCommandExecutor.java:83)
	at org.openqa.selenium.remote.RemoteWebDriver.execute(RemoteWebDriver.java:552)
	at org.openqa.selenium.remote.RemoteWebDriver.findElement(RemoteWebDriver.java:323)
	at org.openqa.selenium.remote.RemoteWebDriver.findElementByXPath(RemoteWebDriver.java:428)
	at org.openqa.selenium.By$ByXPath.findElement(By.java:353)
	at org.openqa.selenium.remote.RemoteWebDriver.findElement(RemoteWebDriver.java:315)
	at MavenJenkins.BusinessChoiceChromeTest.f(BusinessChoiceChromeTest.java:57)
</failure>
    <system-out>Successfully captured a screenshot
Hi, how are you today?
</system-out>
    <system-err>Starting ChromeDriver 2.45.615291 (ec3682e3c9061c10f26ea9e5cdcf3c53f3f74387) on port 23557
Only local connections are allowed.
Jan 15, 2019 11:21:27 AM org.openqa.selenium.remote.ProtocolHandshake createSession
INFO: Detected dialect: OSS
</system-err>
  </testcase>
  <testcase classname="MavenJenkins.BusinessChoiceFFTest" name="FireFox" time="33.723">
    <failure message="Element &lt;input id=&quot;lessSearchSubmit&quot; class=&quot;cssButton bc6c v2 searchSubmitButton &quot; type=&quot;submit&quot;&gt; is not clickable at point (1044.6666641235352,299.29998779296875) because another element &lt;div id=&quot;ui-datepicker-div&quot; class=&quot;ui-datepicker ui-widget ui-widget-content ui-helper-clearfix ui-corner-all ui-datepicker-multi ui-datepicker-multi-2&quot;&gt; obscures it
Build info: version: &apos;3.141.59&apos;, revision: &apos;e82be7d358&apos;, time: &apos;2018-11-14T08:17:03&apos;
System info: host: &apos;CPX-SJJHSRSSIFU&apos;, ip: &apos;10.215.12.187&apos;, os.name: &apos;Windows 10&apos;, os.arch: &apos;amd64&apos;, os.version: &apos;10.0&apos;, java.version: &apos;11.0.1&apos;
Driver info: org.openqa.selenium.firefox.FirefoxDriver
Capabilities {acceptInsecureCerts: true, browserName: firefox, browserVersion: 64.0.2, javascriptEnabled: true, moz:accessibilityChecks: false, moz:geckodriverVersion: 0.22.0, moz:headless: false, moz:processID: 47528, moz:profile: C:\Users\mitali.p.shah\AppD..., moz:shutdownTimeout: 60000, moz:useNonSpecCompliantPointerOrigin: false, moz:webdriverClick: true, pageLoadStrategy: normal, platform: WINDOWS, platformName: WINDOWS, platformVersion: 10.0, rotatable: false, setWindowRect: true, timeouts: {implicit: 0, pageLoad: 300000, script: 30000}, unhandledPromptBehavior: dismiss and notify}
Session ID: 56fe021e-8ae0-479e-adca-fa18579e0fa3" type="org.openqa.selenium.ElementClickInterceptedException">org.openqa.selenium.ElementClickInterceptedException: Element &lt;input id=&quot;lessSearchSubmit&quot; class=&quot;cssButton bc6c v2 searchSubmitButton &quot; type=&quot;submit&quot;&gt; is not clickable at point (1044.6666641235352,299.29998779296875) because another element &lt;div id=&quot;ui-datepicker-div&quot; class=&quot;ui-datepicker ui-widget ui-widget-content ui-helper-clearfix ui-corner-all ui-datepicker-multi ui-datepicker-multi-2&quot;&gt; obscures it
Build info: version: &apos;3.141.59&apos;, revision: &apos;e82be7d358&apos;, time: &apos;2018-11-14T08:17:03&apos;
System info: host: &apos;CPX-SJJHSRSSIFU&apos;, ip: &apos;10.215.12.187&apos;, os.name: &apos;Windows 10&apos;, os.arch: &apos;amd64&apos;, os.version: &apos;10.0&apos;, java.version: &apos;11.0.1&apos;
Driver info: org.openqa.selenium.firefox.FirefoxDriver
Capabilities {acceptInsecureCerts: true, browserName: firefox, browserVersion: 64.0.2, javascriptEnabled: true, moz:accessibilityChecks: false, moz:geckodriverVersion: 0.22.0, moz:headless: false, moz:processID: 47528, moz:profile: C:\Users\mitali.p.shah\AppD..., moz:shutdownTimeout: 60000, moz:useNonSpecCompliantPointerOrigin: false, moz:webdriverClick: true, pageLoadStrategy: normal, platform: WINDOWS, platformName: WINDOWS, platformVersion: 10.0, rotatable: false, setWindowRect: true, timeouts: {implicit: 0, pageLoad: 300000, script: 30000}, unhandledPromptBehavior: dismiss and notify}
Session ID: 56fe021e-8ae0-479e-adca-fa18579e0fa3
	at java.base/jdk.internal.reflect.NativeConstructorAccessorImpl.newInstance0(Native Method)
	at java.base/jdk.internal.reflect.NativeConstructorAccessorImpl.newInstance(NativeConstructorAccessorImpl.java:62)
	at java.base/jdk.internal.reflect.DelegatingConstructorAccessorImpl.newInstance(DelegatingConstructorAccessorImpl.java:45)
	at java.base/java.lang.reflect.Constructor.newInstance(Constructor.java:490)
	at org.openqa.selenium.remote.http.W3CHttpResponseCodec.createException(W3CHttpResponseCodec.java:187)
	at org.openqa.selenium.remote.http.W3CHttpResponseCodec.decode(W3CHttpResponseCodec.java:122)
	at org.openqa.selenium.remote.http.W3CHttpResponseCodec.decode(W3CHttpResponseCodec.java:49)
	at org.openqa.selenium.remote.HttpCommandExecutor.execute(HttpCommandExecutor.java:158)
	at org.openqa.selenium.remote.service.DriverCommandExecutor.execute(DriverCommandExecutor.java:83)
	at org.openqa.selenium.remote.RemoteWebDriver.execute(RemoteWebDriver.java:552)
	at org.openqa.selenium.remote.RemoteWebElement.execute(RemoteWebElement.java:285)
	at org.openqa.selenium.remote.RemoteWebElement.click(RemoteWebElement.java:84)
	at MavenJenkins.BusinessChoiceFFTest.FireFox(BusinessChoiceFFTest.java:76)
</failure>
    <system-out>Successfully captured a screenshot
Hi, how are you today?
</system-out>
    <system-err>1547569307264	mozrunner::runner	INFO	Running command: &quot;C:\\Program Files\\Mozilla Firefox\\firefox.exe&quot; &quot;-marionette&quot; &quot;-foreground&quot; &quot;-no-remote&quot; &quot;-profile&quot; &quot;C:\\Users\\MITALI~1.SHA\\AppData\\Local\\Temp\\rust_mozprofile.Ie7zxhsQIVdl&quot;
1547569308098	addons.webextension.screenshots@mozilla.org	WARN	Loading extension &apos;screenshots@mozilla.org&apos;: Reading manifest: Invalid host permission: resource://pdf.js/
1547569308098	addons.webextension.screenshots@mozilla.org	WARN	Loading extension &apos;screenshots@mozilla.org&apos;: Reading manifest: Invalid host permission: about:reader*
1547569308233	Marionette	DEBUG	Received observer notification profile-after-change
1547569308424	Marionette	DEBUG	Received observer notification toplevel-window-ready
1547569308466	Marionette	DEBUG	Received observer notification command-line-startup
1547569308466	Marionette	DEBUG	Received observer notification nsPref:changed
1547569308466	Marionette	DEBUG	Init aborted (running=false, enabled=true, finalUIStartup=false)
1547569308616	Marionette	DEBUG	Received observer notification toplevel-window-ready
1547569310107	Marionette	DEBUG	Received observer notification sessionstore-windows-restored
1547569310108	Marionette	DEBUG	GFX sanity window detected, waiting until it has been closed...
1547569310447	Marionette	DEBUG	Received observer notification domwindowclosed
1547569310447	Marionette	DEBUG	Waiting for delayed startup...
1547569310492	Marionette	DEBUG	Setting recommended pref security.turn_off_all_security_so_that_viruses_can_take_over_this_computer to true
1547569310493	Marionette	DEBUG	Setting recommended pref apz.content_response_timeout to 60000
1547569310493	Marionette	DEBUG	Setting recommended pref browser.contentblocking.introCount to 99
1547569310494	Marionette	DEBUG	Setting recommended pref browser.download.panel.shown to true
1547569310494	Marionette	DEBUG	Setting recommended pref browser.newtabpage.enabled to false
1547569310495	Marionette	DEBUG	Setting recommended pref browser.pagethumbnails.capturing_disabled to true
1547569310496	Marionette	DEBUG	Setting recommended pref browser.search.update to false
1547569310496	Marionette	DEBUG	Setting recommended pref browser.tabs.disableBackgroundZombification to false
1547569310497	Marionette	DEBUG	Setting recommended pref browser.tabs.warnOnCloseOtherTabs to false
1547569310497	Marionette	DEBUG	Setting recommended pref browser.tabs.warnOnOpen to false
1547569310497	Marionette	DEBUG	Setting recommended pref browser.usedOnWindows10.introURL to 
1547569310497	Marionette	DEBUG	Setting recommended pref browser.urlbar.suggest.searches to false
1547569310499	Marionette	DEBUG	Setting recommended pref datareporting.policy.dataSubmissionPolicyAccepted to false
1547569310499	Marionette	DEBUG	Setting recommended pref dom.disable_beforeunload to true
1547569310499	Marionette	DEBUG	Setting recommended pref dom.disable_open_during_load to false
1547569310499	Marionette	DEBUG	Setting recommended pref dom.file.createInChild to true
1547569310499	Marionette	DEBUG	Setting recommended pref dom.max_chrome_script_run_time to 0
1547569310500	Marionette	DEBUG	Setting recommended pref dom.max_script_run_time to 0
1547569310501	Marionette	DEBUG	Setting recommended pref extensions.getAddons.cache.enabled to false
1547569310501	Marionette	DEBUG	Setting recommended pref extensions.webservice.discoverURL to http://%(server)s/dummy/discoveryURL
1547569310502	Marionette	DEBUG	Setting recommended pref network.http.prompt-temp-redirect to false
1547569310502	Marionette	DEBUG	Setting recommended pref network.http.speculative-parallel-limit to 0
1547569310502	Marionette	DEBUG	Setting recommended pref security.fileuri.strict_origin_policy to false
1547569310503	Marionette	DEBUG	Setting recommended pref security.notification_enable_delay to 0
1547569310504	Marionette	DEBUG	Setting recommended pref signon.autofillForms to false
1547569310504	Marionette	DEBUG	Setting recommended pref signon.rememberSignons to false
1547569310504	Marionette	DEBUG	Setting recommended pref toolkit.cosmeticAnimations.enabled to false
1547569310564	Marionette	INFO	Listening on port 55478
1547569310564	Marionette	DEBUG	Remote service is active
1547569310992	Marionette	DEBUG	Accepted connection 0 from 127.0.0.1:55497
1547569310995	Marionette	TRACE	0 -&gt; [0,1,&quot;WebDriver:NewSession&quot;,{&quot;acceptInsecureCerts&quot;:true,&quot;browserName&quot;:&quot;firefox&quot;}]
1547569310996	Marionette	WARN	TLS certificate errors will be ignored for this session
1547569311040	Marionette	DEBUG	[6442450945] Frame script loaded
1547569311042	Marionette	DEBUG	[6442450945] Frame script registered
1547569311047	Marionette	TRACE	0 &lt;- [1,1,null,{&quot;sessionId&quot;:&quot;56fe021e-8ae0-479e-adca-fa18579e0fa3&quot;,&quot;capabilities&quot;:{&quot;browserName&quot;:&quot;firefox&quot;,&quot;browserVersion&quot;:&quot;64.0. ... ozprofile.Ie7zxhsQIVdl&quot;,&quot;moz:shutdownTimeout&quot;:60000,&quot;moz:useNonSpecCompliantPointerOrigin&quot;:false,&quot;moz:webdriverClick&quot;:true}}]
Jan 15, 2019 11:21:51 AM org.openqa.selenium.remote.ProtocolHandshake createSession
INFO: Detected dialect: W3C
1547569311065	Marionette	TRACE	0 -&gt; [0,2,&quot;WebDriver:MaximizeWindow&quot;,{}]
1547569314572	Marionette	TRACE	0 &lt;- [1,2,null,{&quot;x&quot;:-7,&quot;y&quot;:-7,&quot;width&quot;:1295,&quot;height&quot;:695,&quot;state&quot;:&quot;maximized&quot;}]
1547569314581	Marionette	TRACE	0 -&gt; [0,3,&quot;WebDriver:Navigate&quot;,{&quot;url&quot;:&quot;https://ecom:ec0m@staging.www.ihg.com/hotels/us/en/global/bc/home&quot;}]
1547569314647	Marionette	DEBUG	[6442450945] Received DOM event beforeunload for about:blank
1547569315992	Marionette	DEBUG	[6442450945] Received DOM event pagehide for about:blank
1547569317010	Marionette	DEBUG	[6442450945] Received DOM event DOMContentLoaded for https://staging.www.ihg.com/rewardsclub/us/en/sign-in/?fwdest=https://staging.www.ihg.com/hotels/us/en/global/bc/home
1547569320629	Marionette	DEBUG	[6442450945] Received observer notification outer-window-destroyed
JavaScript warning: https://www.googletagmanager.com/gtag/js?id=AW-1042577807, line 87: unreachable code after return statement
JavaScript warning: https://www.googletagmanager.com/gtag/js?id=AW-1042577807, line 147: unreachable code after return statement
JavaScript warning: https://www.googletagmanager.com/gtag/js?id=AW-1042577807, line 147: unreachable code after return statement
JavaScript warning: https://www.googletagmanager.com/gtag/js?id=AW-1042577807, line 147: unreachable code after return statement
JavaScript warning: https://www.googletagmanager.com/gtag/js?id=AW-1042577807, line 87: unreachable code after return statement
JavaScript warning: https://www.googletagmanager.com/gtag/js?id=AW-1042577807, line 147: unreachable code after return statement
1547569322026	Marionette	DEBUG	[6442450945] Received DOM event pageshow for https://staging.www.ihg.com/rewardsclub/us/en/sign-in/?fwdest=https://staging.www.ihg.com/hotels/us/en/global/bc/home
1547569322029	Marionette	TRACE	0 &lt;- [1,3,null,{&quot;value&quot;:null}]
1547569325087	Marionette	TRACE	0 -&gt; [0,4,&quot;WebDriver:FindElement&quot;,{&quot;using&quot;:&quot;xpath&quot;,&quot;value&quot;:&quot;//div[contains(@class,&apos;m-bottom-15 emailPCR&apos;)]/input&quot;}]
1547569325091	Marionette	TRACE	0 &lt;- [1,4,null,{&quot;value&quot;:{&quot;element-6066-11e4-a52e-4f735466cecf&quot;:&quot;26f4b488-8255-440c-962f-af8aa759dfdf&quot;}}]
1547569325102	Marionette	TRACE	0 -&gt; [0,5,&quot;WebDriver:ElementSendKeys&quot;,{&quot;id&quot;:&quot;26f4b488-8255-440c-962f-af8aa759dfdf&quot;,&quot;text&quot;:&quot;176380600&quot;,&quot;value&quot;:[&quot;1&quot;,&quot;7&quot;,&quot;6&quot;,&quot;3&quot;,&quot;8&quot;,&quot;0&quot;,&quot;6&quot;,&quot;0&quot;,&quot;0&quot;]}]
1547569325154	Marionette	TRACE	0 &lt;- [1,5,null,{&quot;value&quot;:null}]
1547569325162	Marionette	TRACE	0 -&gt; [0,6,&quot;WebDriver:FindElement&quot;,{&quot;using&quot;:&quot;xpath&quot;,&quot;value&quot;:&quot;//div[contains(@class,&apos;m-bottom-15 pinPCR&apos;)]/input&quot;}]
1547569325169	Marionette	TRACE	0 &lt;- [1,6,null,{&quot;value&quot;:{&quot;element-6066-11e4-a52e-4f735466cecf&quot;:&quot;1da33d05-fe81-4627-aed0-5a09411ef413&quot;}}]
1547569325176	Marionette	TRACE	0 -&gt; [0,7,&quot;WebDriver:ElementSendKeys&quot;,{&quot;id&quot;:&quot;1da33d05-fe81-4627-aed0-5a09411ef413&quot;,&quot;text&quot;:&quot;7890&quot;,&quot;value&quot;:[&quot;7&quot;,&quot;8&quot;,&quot;9&quot;,&quot;0&quot;]}]
1547569325203	Marionette	TRACE	0 &lt;- [1,7,null,{&quot;value&quot;:null}]
1547569325210	Marionette	TRACE	0 -&gt; [0,8,&quot;WebDriver:FindElement&quot;,{&quot;using&quot;:&quot;xpath&quot;,&quot;value&quot;:&quot;//button[@id=&apos;tpiSubmitButton&apos;]&quot;}]
1547569325213	Marionette	TRACE	0 &lt;- [1,8,null,{&quot;value&quot;:{&quot;element-6066-11e4-a52e-4f735466cecf&quot;:&quot;487e46d0-0be6-4959-b830-ff30da9cbd09&quot;}}]
1547569325224	Marionette	TRACE	0 -&gt; [0,9,&quot;WebDriver:ElementClick&quot;,{&quot;id&quot;:&quot;487e46d0-0be6-4959-b830-ff30da9cbd09&quot;}]
1547569325245	Marionette	DEBUG	[6442450945] Received DOM event beforeunload for https://staging.www.ihg.com/rewardsclub/us/en/sign-in/?fwdest=https://staging.www.ihg.com/hotels/us/en/global/bc/home
1547569328968	Marionette	DEBUG	[6442450945] Received DOM event pagehide for https://staging.www.ihg.com/rewardsclub/us/en/sign-in/?fwdest=https://staging.www.ihg.com/hotels/us/en/global/bc/home
1547569328976	Marionette	DEBUG	[6442450945] Received DOM event unload for https://staging.www.ihg.com/rewardsclub/us/en/sign-in/?fwdest=https://staging.www.ihg.com/hotels/us/en/global/bc/home
1547569329372	Marionette	DEBUG	[6442450945] Received observer notification outer-window-destroyed
1547569329372	Marionette	DEBUG	[6442450945] Received observer notification outer-window-destroyed
1547569329372	Marionette	DEBUG	[6442450945] Received observer notification outer-window-destroyed
1547569329372	Marionette	DEBUG	[6442450945] Received observer notification outer-window-destroyed
1547569329372	Marionette	DEBUG	[6442450945] Received observer notification outer-window-destroyed
1547569329373	Marionette	DEBUG	[6442450945] Received observer notification outer-window-destroyed
1547569329373	Marionette	DEBUG	[6442450945] Received observer notification outer-window-destroyed
1547569329373	Marionette	DEBUG	[6442450945] Received observer notification outer-window-destroyed
1547569329377	Marionette	DEBUG	[6442450945] Received DOM event DOMContentLoaded for https://staging.www.ihg.com/rewardsclub/us/en/sign-in/?fwdest=https://staging.www.ihg.com/hotels/us/en/global/bc/home
1547569329429	Marionette	DEBUG	[6442450945] Received DOM event beforeunload for https://staging.www.ihg.com/rewardsclub/us/en/sign-in/?fwdest=https://staging.www.ihg.com/hotels/us/en/global/bc/home
1547569329433	Marionette	DEBUG	[6442450945] Received DOM event pageshow for https://staging.www.ihg.com/rewardsclub/us/en/sign-in/?fwdest=https://staging.www.ihg.com/hotels/us/en/global/bc/home
1547569329437	Marionette	TRACE	0 &lt;- [1,9,null,{&quot;value&quot;:null}]
1547569332462	Marionette	TRACE	0 -&gt; [0,10,&quot;WebDriver:FindElement&quot;,{&quot;using&quot;:&quot;xpath&quot;,&quot;value&quot;:&quot;//div[@class=&apos;ResModule section&apos;]&quot;}]
1547569332486	Marionette	TRACE	0 &lt;- [1,10,null,{&quot;value&quot;:{&quot;element-6066-11e4-a52e-4f735466cecf&quot;:&quot;5fbafc13-7ca7-49aa-bdbc-f4ebf2acf108&quot;}}]
1547569332491	Marionette	TRACE	0 -&gt; [0,11,&quot;WebDriver:ExecuteScript&quot;,{&quot;args&quot;:[{&quot;ELEMENT&quot;:&quot;5fbafc13-7ca7-49aa-bdbc-f4ebf2acf108&quot;,&quot;element-6066-11e4-a52e-4f735466ce ... dbc-f4ebf2acf108&quot;}],&quot;newSandbox&quot;:false,&quot;script&quot;:&quot;arguments[0].scrollIntoView();&quot;,&quot;scriptTimeout&quot;:null,&quot;specialPowers&quot;:false}]
1547569332496	Marionette	TRACE	0 &lt;- [1,11,null,{&quot;value&quot;:null}]
1547569332501	Marionette	TRACE	0 -&gt; [0,12,&quot;WebDriver:FindElement&quot;,{&quot;using&quot;:&quot;xpath&quot;,&quot;value&quot;:&quot;//input[@id=&apos;destination&apos;]&quot;}]
1547569332504	Marionette	TRACE	0 &lt;- [1,12,null,{&quot;value&quot;:{&quot;element-6066-11e4-a52e-4f735466cecf&quot;:&quot;9b9e5601-6801-4a40-a0cb-84fc749db1ec&quot;}}]
1547569332510	Marionette	TRACE	0 -&gt; [0,13,&quot;WebDriver:ElementClick&quot;,{&quot;id&quot;:&quot;9b9e5601-6801-4a40-a0cb-84fc749db1ec&quot;}]
1547569333286	Marionette	DEBUG	[6442450945] Canceled page load listener because no navigation has been detected
1547569333286	Marionette	TRACE	0 &lt;- [1,13,null,{&quot;value&quot;:null}]
1547569333293	Marionette	TRACE	0 -&gt; [0,14,&quot;WebDriver:FindElement&quot;,{&quot;using&quot;:&quot;xpath&quot;,&quot;value&quot;:&quot;//input[@id=&apos;destination&apos;]&quot;}]
1547569333323	Marionette	TRACE	0 &lt;- [1,14,null,{&quot;value&quot;:{&quot;element-6066-11e4-a52e-4f735466cecf&quot;:&quot;9b9e5601-6801-4a40-a0cb-84fc749db1ec&quot;}}]
1547569333355	Marionette	TRACE	0 -&gt; [0,15,&quot;WebDriver:ElementSendKeys&quot;,{&quot;id&quot;:&quot;9b9e5601-6801-4a40-a0cb-84fc749db1ec&quot;,&quot;text&quot;:&quot;Washington Dc, DC, United States&quot;,&quot;val ... a&quot;,&quot;s&quot;,&quot;h&quot;,&quot;i&quot;,&quot;n&quot;,&quot;g&quot;,&quot;t&quot;,&quot;o&quot;,&quot;n&quot;,&quot; &quot;,&quot;D&quot;,&quot;c&quot;,&quot;,&quot;,&quot; &quot;,&quot;D&quot;,&quot;C&quot;,&quot;,&quot;,&quot; &quot;,&quot;U&quot;,&quot;n&quot;,&quot;i&quot;,&quot;t&quot;,&quot;e&quot;,&quot;d&quot;,&quot; &quot;,&quot;S&quot;,&quot;t&quot;,&quot;a&quot;,&quot;t&quot;,&quot;e&quot;,&quot;s&quot;]}]
1547569333434	Marionette	TRACE	0 &lt;- [1,15,null,{&quot;value&quot;:null}]
1547569333439	Marionette	TRACE	0 -&gt; [0,16,&quot;WebDriver:FindElement&quot;,{&quot;using&quot;:&quot;xpath&quot;,&quot;value&quot;:&quot;//div[@class=&apos;checkin&apos;]//span[@title=&apos;Select to open calendar.&apos;][contains(text(),&apos;Select to open calendar.&apos;)]&quot;}]
1547569333442	Marionette	TRACE	0 &lt;- [1,16,null,{&quot;value&quot;:{&quot;element-6066-11e4-a52e-4f735466cecf&quot;:&quot;1d833839-edcb-4ccc-a13f-2891db378a7e&quot;}}]
1547569333448	Marionette	TRACE	0 -&gt; [0,17,&quot;WebDriver:ElementClick&quot;,{&quot;id&quot;:&quot;1d833839-edcb-4ccc-a13f-2891db378a7e&quot;}]
JavaScript warning: https://www.googletagmanager.com/gtag/js?id=AW-1042577807, line 87: unreachable code after return statement
JavaScript warning: https://www.googletagmanager.com/gtag/js?id=AW-1042577807, line 147: unreachable code after return statement
JavaScript warning: https://www.googletagmanager.com/gtag/js?id=AW-1042577807, line 147: unreachable code after return statement
JavaScript warning: https://www.googletagmanager.com/gtag/js?id=AW-1042577807, line 147: unreachable code after return statement
1547569334294	Marionette	DEBUG	[6442450945] Canceled page load listener because no navigation has been detected
1547569334294	Marionette	TRACE	0 &lt;- [1,17,null,{&quot;value&quot;:null}]
1547569337301	Marionette	TRACE	0 -&gt; [0,18,&quot;WebDriver:FindElement&quot;,{&quot;using&quot;:&quot;xpath&quot;,&quot;value&quot;:&quot;//input[@id=&apos;checkInDate&apos;]&quot;}]
1547569337314	Marionette	TRACE	0 &lt;- [1,18,null,{&quot;value&quot;:{&quot;element-6066-11e4-a52e-4f735466cecf&quot;:&quot;1a4294e5-3c42-44e6-a1f4-21bbe9e2ca2b&quot;}}]
1547569337320	Marionette	TRACE	0 -&gt; [0,19,&quot;WebDriver:ElementSendKeys&quot;,{&quot;id&quot;:&quot;1a4294e5-3c42-44e6-a1f4-21bbe9e2ca2b&quot;,&quot;text&quot;:&quot;Jan-26-2019&quot;,&quot;value&quot;:[&quot;J&quot;,&quot;a&quot;,&quot;n&quot;,&quot;-&quot;,&quot;2&quot;,&quot;6&quot;,&quot;-&quot;,&quot;2&quot;,&quot;0&quot;,&quot;1&quot;,&quot;9&quot;]}]
1547569337513	Marionette	TRACE	0 &lt;- [1,19,null,{&quot;value&quot;:null}]
1547569337522	Marionette	TRACE	0 -&gt; [0,20,&quot;WebDriver:FindElement&quot;,{&quot;using&quot;:&quot;xpath&quot;,&quot;value&quot;:&quot;//input[@id=&apos;checkOutDate&apos;]&quot;}]
1547569337529	Marionette	TRACE	0 &lt;- [1,20,null,{&quot;value&quot;:{&quot;element-6066-11e4-a52e-4f735466cecf&quot;:&quot;92df01cd-cc72-40f5-8f6c-d51325bd1d42&quot;}}]
1547569337533	Marionette	TRACE	0 -&gt; [0,21,&quot;WebDriver:ElementSendKeys&quot;,{&quot;id&quot;:&quot;92df01cd-cc72-40f5-8f6c-d51325bd1d42&quot;,&quot;text&quot;:&quot;Jan-29-2019&quot;,&quot;value&quot;:[&quot;J&quot;,&quot;a&quot;,&quot;n&quot;,&quot;-&quot;,&quot;2&quot;,&quot;9&quot;,&quot;-&quot;,&quot;2&quot;,&quot;0&quot;,&quot;1&quot;,&quot;9&quot;]}]
1547569337683	Marionette	TRACE	0 &lt;- [1,21,null,{&quot;value&quot;:null}]
1547569337688	Marionette	TRACE	0 -&gt; [0,22,&quot;WebDriver:FindElement&quot;,{&quot;using&quot;:&quot;xpath&quot;,&quot;value&quot;:&quot;//label[@for=&apos;ratePreference&apos;]&quot;}]
1547569337691	Marionette	TRACE	0 &lt;- [1,22,null,{&quot;value&quot;:{&quot;element-6066-11e4-a52e-4f735466cecf&quot;:&quot;c595938c-f464-4199-bda9-c7a8ea60dfc0&quot;}}]
1547569337695	Marionette	TRACE	0 -&gt; [0,23,&quot;WebDriver:ElementClick&quot;,{&quot;id&quot;:&quot;c595938c-f464-4199-bda9-c7a8ea60dfc0&quot;}]
1547569338400	Marionette	DEBUG	[6442450945] Canceled page load listener because no navigation has been detected
1547569338401	Marionette	TRACE	0 &lt;- [1,23,null,{&quot;value&quot;:null}]
JavaScript warning: https://www.googletagmanager.com/gtag/js?id=AW-1042577807, line 87: unreachable code after return statement
JavaScript warning: https://www.googletagmanager.com/gtag/js?id=AW-1042577807, line 147: unreachable code after return statement
1547569340405	Marionette	TRACE	0 -&gt; [0,24,&quot;WebDriver:FindElement&quot;,{&quot;using&quot;:&quot;xpath&quot;,&quot;value&quot;:&quot;//input[@id=&apos;lessSearchSubmit&apos;]&quot;}]
1547569340407	Marionette	TRACE	0 &lt;- [1,24,null,{&quot;value&quot;:{&quot;element-6066-11e4-a52e-4f735466cecf&quot;:&quot;9da2bf19-0c62-43f3-9dc3-6259641dea5a&quot;}}]
1547569340412	Marionette	TRACE	0 -&gt; [0,25,&quot;WebDriver:ElementClick&quot;,{&quot;id&quot;:&quot;9da2bf19-0c62-43f3-9dc3-6259641dea5a&quot;}]
1547569340418	Marionette	TRACE	0 &lt;- [1,25,{&quot;error&quot;:&quot;element click intercepted&quot;,&quot;message&quot;:&quot;Element &lt;input id=\&quot;lessSearchSubmit\&quot; class=\&quot;cssButton bc6c v2 search ... avigate@chrome://marionette/content/listener.js:409:13\nclickElement@chrome://marionette/content/listener.js:1209:5\n&quot;},null]
</system-err>
  </testcase>
  <testcase classname="MavenJenkins.BusinessChoiceFFTest" name="FireFox" time="86.474"/>
  <testcase classname="MavenJenkins.BusinessChoiceFFTest" name="FireFox" time="84.799"/>
</testsuite>