<?xml version="1.0" encoding="UTF-8"?>
<testng-results ignored="0" total="3" passed="3" failed="0" skipped="0">
  <reporter-output>
  </reporter-output>
  <suite started-at="2019-01-10T13:25:08Z" name="Suite" finished-at="2019-01-10T13:28:09Z" duration-ms="180751">
    <groups>
    </groups>
    <test started-at="2019-01-10T13:25:08Z" name="Test" finished-at="2019-01-10T13:28:09Z" duration-ms="180751">
      <class name="MavenJenkins.BusinessChoiceChromeTest">
        <test-method signature="f(java.lang.String)[pri:0, instance:MavenJenkins.BusinessChoiceChromeTest@63475ace]" started-at="2019-01-10T13:25:08Z" name="f" data-provider="URLsfromCorps" finished-at="2019-01-10T13:26:09Z" duration-ms="60758" status="PASS">
          <params>
            <param index="0">
              <value>
                <![CDATA[.ihg.com/hotels/us/en/global/bc/home]]>
              </value>
            </param>
          </params>
          <reporter-output>
          </reporter-output>
        </test-method> <!-- f -->
        <test-method is-config="true" signature="screenShot(org.testng.ITestResult)[pri:0, instance:MavenJenkins.BusinessChoiceChromeTest@63475ace]" started-at="2019-01-10T13:26:09Z" name="screenShot" finished-at="2019-01-10T13:26:09Z" duration-ms="1" status="PASS">
          <params>
            <param index="0">
              <value>
                <![CDATA[[TestResult name=f status=SUCCESS method=BusinessChoiceChromeTest.f(java.lang.String)[pri:0, instance:MavenJenkins.BusinessChoiceChromeTest@63475ace] output={null}]]]>
              </value>
            </param>
          </params>
          <reporter-output>
          </reporter-output>
        </test-method> <!-- screenShot -->
        <test-method signature="f(java.lang.String)[pri:0, instance:MavenJenkins.BusinessChoiceChromeTest@63475ace]" started-at="2019-01-10T13:26:09Z" name="f" data-provider="URLsfromCorps" finished-at="2019-01-10T13:27:10Z" duration-ms="61005" status="PASS">
          <params>
            <param index="0">
              <value>
                <![CDATA[.ihg.com/hotels/us/en/global/bc/3m?corporateNumber=101672]]>
              </value>
            </param>
          </params>
          <reporter-output>
          </reporter-output>
        </test-method> <!-- f -->
        <test-method is-config="true" signature="screenShot(org.testng.ITestResult)[pri:0, instance:MavenJenkins.BusinessChoiceChromeTest@63475ace]" started-at="2019-01-10T13:27:10Z" name="screenShot" finished-at="2019-01-10T13:27:10Z" duration-ms="0" status="PASS">
          <params>
            <param index="0">
              <value>
                <![CDATA[[TestResult name=f status=SUCCESS method=BusinessChoiceChromeTest.f(java.lang.String)[pri:0, instance:MavenJenkins.BusinessChoiceChromeTest@63475ace] output={null}]]]>
              </value>
            </param>
          </params>
          <reporter-output>
          </reporter-output>
        </test-method> <!-- screenShot -->
        <test-method signature="f(java.lang.String)[pri:0, instance:MavenJenkins.BusinessChoiceChromeTest@63475ace]" started-at="2019-01-10T13:27:10Z" name="f" data-provider="URLsfromCorps" finished-at="2019-01-10T13:28:09Z" duration-ms="58942" status="PASS">
          <params>
            <param index="0">
              <value>
                <![CDATA[.ihg.com/hotels/us/en/global/bc/faa?corporateNumber=100185863]]>
              </value>
            </param>
          </params>
          <reporter-output>
          </reporter-output>
        </test-method> <!-- f -->
        <test-method is-config="true" signature="screenShot(org.testng.ITestResult)[pri:0, instance:MavenJenkins.BusinessChoiceChromeTest@63475ace]" started-at="2019-01-10T13:28:09Z" name="screenShot" finished-at="2019-01-10T13:28:09Z" duration-ms="1" status="PASS">
          <params>
            <param index="0">
              <value>
                <![CDATA[[TestResult name=f status=SUCCESS method=BusinessChoiceChromeTest.f(java.lang.String)[pri:0, instance:MavenJenkins.BusinessChoiceChromeTest@63475ace] output={null}]]]>
              </value>
            </param>
          </params>
          <reporter-output>
          </reporter-output>
        </test-method> <!-- screenShot -->
      </class> <!-- MavenJenkins.BusinessChoiceChromeTest -->
    </test> <!-- Test -->
  </suite> <!-- Suite -->
</testng-results>
